{"/home/tanpham/projects/swivel-employee-back-end/src/app.controller.ts": {"path":"/home/tanpham/projects/swivel-employee-back-end/src/app.controller.ts","statementMap":{"0":{"start":{"line":1,"column":0},"end":{"line":1,"column":49}},"1":{"start":{"line":2,"column":0},"end":{"line":2,"column":43}},"2":{"start":{"line":5,"column":0},"end":{"line":12,"column":null}},"3":{"start":{"line":6,"column":31},"end":{"line":6,"column":43}},"4":{"start":{"line":10,"column":4},"end":{"line":10,"column":38}},"5":{"start":{"line":9,"column":2},"end":{"line":11,"column":null}},"6":{"start":{"line":5,"column":13},"end":{"line":12,"column":null}},"7":{"start":{"line":5,"column":13},"end":{"line":5,"column":26}}},"fnMap":{"0":{"name":"(anonymous_2)","decl":{"start":{"line":6,"column":2},"end":{"line":6,"column":31}},"loc":{"start":{"line":6,"column":53},"end":{"line":6,"column":57}}},"1":{"name":"(anonymous_3)","decl":{"start":{"line":9,"column":2},"end":{"line":9,"column":10}},"loc":{"start":{"line":9,"column":10},"end":{"line":11,"column":3}}}},"branchMap":{},"s":{"0":1,"1":1,"2":1,"3":1,"4":1,"5":1,"6":1,"7":1},"f":{"0":1,"1":1},"b":{}}
,"/home/tanpham/projects/swivel-employee-back-end/src/app.module.ts": {"path":"/home/tanpham/projects/swivel-employee-back-end/src/app.module.ts","statementMap":{"0":{"start":{"line":1,"column":0},"end":{"line":1,"column":40}},"1":{"start":{"line":2,"column":0},"end":{"line":2,"column":50}},"2":{"start":{"line":3,"column":0},"end":{"line":3,"column":46}},"3":{"start":{"line":5,"column":0},"end":{"line":5,"column":49}},"4":{"start":{"line":6,"column":0},"end":{"line":6,"column":43}},"5":{"start":{"line":7,"column":0},"end":{"line":7,"column":60}},"6":{"start":{"line":20,"column":0},"end":{"line":20,"column":null}},"7":{"start":{"line":20,"column":13},"end":{"line":20,"column":null}},"8":{"start":{"line":20,"column":13},"end":{"line":20,"column":22}}},"fnMap":{},"branchMap":{},"s":{"0":0,"1":0,"2":0,"3":0,"4":0,"5":0,"6":0,"7":0,"8":0},"f":{},"b":{}}
,"/home/tanpham/projects/swivel-employee-back-end/src/app.service.ts": {"path":"/home/tanpham/projects/swivel-employee-back-end/src/app.service.ts","statementMap":{"0":{"start":{"line":1,"column":0},"end":{"line":1,"column":44}},"1":{"start":{"line":4,"column":0},"end":{"line":8,"column":null}},"2":{"start":{"line":6,"column":4},"end":{"line":6,"column":26}},"3":{"start":{"line":4,"column":13},"end":{"line":8,"column":null}},"4":{"start":{"line":4,"column":13},"end":{"line":4,"column":23}}},"fnMap":{"0":{"name":"(anonymous_1)","decl":{"start":{"line":5,"column":2},"end":{"line":5,"column":10}},"loc":{"start":{"line":5,"column":10},"end":{"line":7,"column":3}}}},"branchMap":{},"s":{"0":1,"1":1,"2":1,"3":1,"4":1},"f":{"0":1},"b":{}}
,"/home/tanpham/projects/swivel-employee-back-end/src/main.ts": {"path":"/home/tanpham/projects/swivel-employee-back-end/src/main.ts","statementMap":{"0":{"start":{"line":1,"column":0},"end":{"line":1,"column":43}},"1":{"start":{"line":2,"column":0},"end":{"line":2,"column":65}},"2":{"start":{"line":4,"column":0},"end":{"line":4,"column":41}},"3":{"start":{"line":7,"column":14},"end":{"line":7,"column":49}},"4":{"start":{"line":9,"column":17},"end":{"line":14,"column":12}},"5":{"start":{"line":15,"column":19},"end":{"line":15,"column":60}},"6":{"start":{"line":16,"column":2},"end":{"line":16,"column":44}},"7":{"start":{"line":18,"column":2},"end":{"line":18,"column":45}},"8":{"start":{"line":20,"column":0},"end":{"line":20,"column":12}}},"fnMap":{"0":{"name":"bootstrap","decl":{"start":{"line":6,"column":15},"end":{"line":6,"column":24}},"loc":{"start":{"line":6,"column":24},"end":{"line":19,"column":1}}}},"branchMap":{"0":{"loc":{"start":{"line":18,"column":19},"end":{"line":18,"column":43}},"type":"binary-expr","locations":[{"start":{"line":18,"column":19},"end":{"line":18,"column":35}},{"start":{"line":18,"column":39},"end":{"line":18,"column":43}}]}},"s":{"0":0,"1":0,"2":0,"3":0,"4":0,"5":0,"6":0,"7":0,"8":0},"f":{"0":0},"b":{"0":[0,0]}}
,"/home/tanpham/projects/swivel-employee-back-end/src/employee/employee.controller.ts": {"path":"/home/tanpham/projects/swivel-employee-back-end/src/employee/employee.controller.ts","statementMap":{"0":{"start":{"line":1,"column":0},"end":{"line":1,"column":null}},"1":{"start":{"line":14,"column":0},"end":{"line":14,"column":53}},"2":{"start":{"line":16,"column":0},"end":{"line":16,"column":65}},"3":{"start":{"line":19,"column":0},"end":{"line":124,"column":null}},"4":{"start":{"line":20,"column":31},"end":{"line":20,"column":48}},"5":{"start":{"line":24,"column":4},"end":{"line":35,"column":null}},"6":{"start":{"line":25,"column":21},"end":{"line":25,"column":54}},"7":{"start":{"line":26,"column":6},"end":{"line":26,"column":20}},"8":{"start":{"line":28,"column":6},"end":{"line":34,"column":8}},"9":{"start":{"line":40,"column":4},"end":{"line":51,"column":null}},"10":{"start":{"line":41,"column":26},"end":{"line":41,"column":62}},"11":{"start":{"line":42,"column":6},"end":{"line":42,"column":25}},"12":{"start":{"line":44,"column":6},"end":{"line":50,"column":8}},"13":{"start":{"line":56,"column":4},"end":{"line":77,"column":null}},"14":{"start":{"line":57,"column":29},"end":{"line":57,"column":64}},"15":{"start":{"line":58,"column":6},"end":{"line":66,"column":null}},"16":{"start":{"line":59,"column":8},"end":{"line":65,"column":10}},"17":{"start":{"line":67,"column":6},"end":{"line":67,"column":28}},"18":{"start":{"line":69,"column":6},"end":{"line":69,"column":42}},"19":{"start":{"line":70,"column":6},"end":{"line":76,"column":8}},"20":{"start":{"line":84,"column":4},"end":{"line":97,"column":null}},"21":{"start":{"line":85,"column":28},"end":{"line":86,"column":null}},"22":{"start":{"line":88,"column":6},"end":{"line":88,"column":27}},"23":{"start":{"line":90,"column":6},"end":{"line":96,"column":8}},"24":{"start":{"line":102,"column":4},"end":{"line":122,"column":null}},"25":{"start":{"line":103,"column":28},"end":{"line":103,"column":65}},"26":{"start":{"line":104,"column":6},"end":{"line":106,"column":null}},"27":{"start":{"line":105,"column":8},"end":{"line":105,"column":45}},"28":{"start":{"line":107,"column":6},"end":{"line":113,"column":8}},"29":{"start":{"line":115,"column":6},"end":{"line":121,"column":8}},"30":{"start":{"line":23,"column":2},"end":{"line":36,"column":null}},"31":{"start":{"line":39,"column":2},"end":{"line":52,"column":null}},"32":{"start":{"line":55,"column":2},"end":{"line":78,"column":null}},"33":{"start":{"line":81,"column":2},"end":{"line":98,"column":null}},"34":{"start":{"line":101,"column":2},"end":{"line":123,"column":null}},"35":{"start":{"line":19,"column":13},"end":{"line":124,"column":null}},"36":{"start":{"line":19,"column":13},"end":{"line":19,"column":31}}},"fnMap":{"0":{"name":"(anonymous_4)","decl":{"start":{"line":20,"column":2},"end":{"line":20,"column":31}},"loc":{"start":{"line":20,"column":63},"end":{"line":20,"column":67}}},"1":{"name":"(anonymous_5)","decl":{"start":{"line":23,"column":2},"end":{"line":23,"column":7}},"loc":{"start":{"line":23,"column":12},"end":{"line":36,"column":3}}},"2":{"name":"(anonymous_6)","decl":{"start":{"line":39,"column":2},"end":{"line":39,"column":7}},"loc":{"start":{"line":39,"column":15},"end":{"line":52,"column":3}}},"3":{"name":"(anonymous_7)","decl":{"start":{"line":55,"column":2},"end":{"line":55,"column":7}},"loc":{"start":{"line":55,"column":28},"end":{"line":78,"column":3}}},"4":{"name":"(anonymous_8)","decl":{"start":{"line":81,"column":2},"end":{"line":81,"column":7}},"loc":{"start":{"line":82,"column":51},"end":{"line":98,"column":3}}},"5":{"name":"(anonymous_9)","decl":{"start":{"line":101,"column":2},"end":{"line":101,"column":7}},"loc":{"start":{"line":101,"column":30},"end":{"line":123,"column":3}}}},"branchMap":{"0":{"loc":{"start":{"line":58,"column":6},"end":{"line":66,"column":null}},"type":"if","locations":[{"start":{"line":58,"column":6},"end":{"line":66,"column":null}}]},"1":{"loc":{"start":{"line":104,"column":6},"end":{"line":106,"column":null}},"type":"if","locations":[{"start":{"line":104,"column":6},"end":{"line":106,"column":null}}]}},"s":{"0":1,"1":1,"2":1,"3":1,"4":1,"5":0,"6":0,"7":0,"8":0,"9":4,"10":4,"11":4,"12":0,"13":1,"14":1,"15":1,"16":0,"17":1,"18":0,"19":0,"20":1,"21":1,"22":0,"23":1,"24":1,"25":1,"26":1,"27":1,"28":0,"29":0,"30":1,"31":1,"32":1,"33":1,"34":1,"35":1,"36":1},"f":{"0":1,"1":0,"2":4,"3":1,"4":1,"5":1},"b":{"0":[0],"1":[1]}}
,"/home/tanpham/projects/swivel-employee-back-end/src/employee/employee.dto.stub.ts": {"path":"/home/tanpham/projects/swivel-employee-back-end/src/employee/employee.dto.stub.ts","statementMap":{"0":{"start":{"line":1,"column":0},"end":{"line":1,"column":25}},"1":{"start":{"line":4,"column":24},"end":{"line":4,"column":66}},"2":{"start":{"line":5,"column":30},"end":{"line":5,"column":57}},"3":{"start":{"line":7,"column":31},"end":{"line":9,"column":1}},"4":{"start":{"line":8,"column":2},"end":{"line":8,"column":18}},"5":{"start":{"line":7,"column":13},"end":{"line":7,"column":31}},"6":{"start":{"line":11,"column":34},"end":{"line":13,"column":1}},"7":{"start":{"line":12,"column":2},"end":{"line":12,"column":63}},"8":{"start":{"line":11,"column":13},"end":{"line":11,"column":34}},"9":{"start":{"line":15,"column":34},"end":{"line":17,"column":1}},"10":{"start":{"line":16,"column":2},"end":{"line":16,"column":58}},"11":{"start":{"line":16,"column":37},"end":{"line":16,"column":56}},"12":{"start":{"line":15,"column":13},"end":{"line":15,"column":34}}},"fnMap":{"0":{"name":"(anonymous_0)","decl":{"start":{"line":7,"column":31},"end":{"line":7,"column":47}},"loc":{"start":{"line":7,"column":49},"end":{"line":9,"column":1}}},"1":{"name":"(anonymous_1)","decl":{"start":{"line":11,"column":34},"end":{"line":11,"column":48}},"loc":{"start":{"line":11,"column":50},"end":{"line":13,"column":1}}},"2":{"name":"(anonymous_2)","decl":{"start":{"line":15,"column":34},"end":{"line":15,"column":35}},"loc":{"start":{"line":15,"column":60},"end":{"line":17,"column":1}}},"3":{"name":"(anonymous_3)","decl":{"start":{"line":16,"column":23},"end":{"line":16,"column":24}},"loc":{"start":{"line":16,"column":37},"end":{"line":16,"column":56}}}},"branchMap":{},"s":{"0":1,"1":1,"2":1,"3":1,"4":1,"5":1,"6":1,"7":1,"8":1,"9":1,"10":0,"11":0,"12":1},"f":{"0":1,"1":1,"2":0,"3":0},"b":{}}
,"/home/tanpham/projects/swivel-employee-back-end/src/employee/employee.module.ts": {"path":"/home/tanpham/projects/swivel-employee-back-end/src/employee/employee.module.ts","statementMap":{"0":{"start":{"line":1,"column":0},"end":{"line":1,"column":40}},"1":{"start":{"line":2,"column":0},"end":{"line":2,"column":50}},"2":{"start":{"line":4,"column":0},"end":{"line":4,"column":59}},"3":{"start":{"line":5,"column":0},"end":{"line":5,"column":53}},"4":{"start":{"line":6,"column":0},"end":{"line":6,"column":69}},"5":{"start":{"line":17,"column":0},"end":{"line":17,"column":null}},"6":{"start":{"line":17,"column":13},"end":{"line":17,"column":null}},"7":{"start":{"line":17,"column":13},"end":{"line":17,"column":27}}},"fnMap":{},"branchMap":{},"s":{"0":0,"1":0,"2":0,"3":0,"4":0,"5":0,"6":0,"7":0},"f":{},"b":{}}
,"/home/tanpham/projects/swivel-employee-back-end/src/employee/employee.service.ts": {"path":"/home/tanpham/projects/swivel-employee-back-end/src/employee/employee.service.ts","statementMap":{"0":{"start":{"line":1,"column":0},"end":{"line":1,"column":null}},"1":{"start":{"line":6,"column":0},"end":{"line":6,"column":47}},"2":{"start":{"line":7,"column":0},"end":{"line":7,"column":33}},"3":{"start":{"line":8,"column":0},"end":{"line":8,"column":25}},"4":{"start":{"line":10,"column":0},"end":{"line":10,"column":null}},"5":{"start":{"line":17,"column":24},"end":{"line":17,"column":66}},"6":{"start":{"line":18,"column":17},"end":{"line":18,"column":44}},"7":{"start":{"line":21,"column":0},"end":{"line":92,"column":null}},"8":{"start":{"line":24,"column":12},"end":{"line":24,"column":27}},"9":{"start":{"line":28,"column":4},"end":{"line":42,"column":null}},"10":{"start":{"line":29,"column":6},"end":{"line":37,"column":null}},"11":{"start":{"line":29,"column":19},"end":{"line":29,"column":20}},"12":{"start":{"line":30,"column":28},"end":{"line":34,"column":null}},"13":{"start":{"line":36,"column":8},"end":{"line":36,"column":33}},"14":{"start":{"line":38,"column":6},"end":{"line":38,"column":36}},"15":{"start":{"line":40,"column":6},"end":{"line":40,"column":25}},"16":{"start":{"line":41,"column":6},"end":{"line":41,"column":27}},"17":{"start":{"line":46,"column":28},"end":{"line":50,"column":null}},"18":{"start":{"line":52,"column":4},"end":{"line":52,"column":34}},"19":{"start":{"line":56,"column":4},"end":{"line":60,"column":null}},"20":{"start":{"line":57,"column":6},"end":{"line":57,"column":64}},"21":{"start":{"line":59,"column":6},"end":{"line":59,"column":78}},"22":{"start":{"line":64,"column":4},"end":{"line":74,"column":null}},"23":{"start":{"line":65,"column":40},"end":{"line":67,"column":15}},"24":{"start":{"line":68,"column":6},"end":{"line":70,"column":null}},"25":{"start":{"line":69,"column":8},"end":{"line":69,"column":20}},"26":{"start":{"line":71,"column":6},"end":{"line":71,"column":28}},"27":{"start":{"line":73,"column":6},"end":{"line":73,"column":78}},"28":{"start":{"line":78,"column":4},"end":{"line":90,"column":null}},"29":{"start":{"line":79,"column":30},"end":{"line":79,"column":74}},"30":{"start":{"line":80,"column":6},"end":{"line":87,"column":null}},"31":{"start":{"line":81,"column":8},"end":{"line":83,"column":18}},"32":{"start":{"line":84,"column":8},"end":{"line":84,"column":25}},"33":{"start":{"line":86,"column":8},"end":{"line":86,"column":20}},"34":{"start":{"line":89,"column":6},"end":{"line":89,"column":78}},"35":{"start":{"line":21,"column":13},"end":{"line":92,"column":null}},"36":{"start":{"line":21,"column":13},"end":{"line":21,"column":28}}},"fnMap":{"0":{"name":"(anonymous_4)","decl":{"start":{"line":22,"column":2},"end":{"line":22,"column":null}},"loc":{"start":{"line":24,"column":50},"end":{"line":25,"column":6}}},"1":{"name":"(anonymous_5)","decl":{"start":{"line":27,"column":2},"end":{"line":27,"column":7}},"loc":{"start":{"line":27,"column":12},"end":{"line":43,"column":3}}},"2":{"name":"(anonymous_6)","decl":{"start":{"line":45,"column":2},"end":{"line":45,"column":7}},"loc":{"start":{"line":45,"column":49},"end":{"line":53,"column":3}}},"3":{"name":"(anonymous_7)","decl":{"start":{"line":55,"column":2},"end":{"line":55,"column":7}},"loc":{"start":{"line":55,"column":15},"end":{"line":61,"column":3}}},"4":{"name":"(anonymous_8)","decl":{"start":{"line":63,"column":2},"end":{"line":63,"column":7}},"loc":{"start":{"line":63,"column":23},"end":{"line":75,"column":3}}},"5":{"name":"(anonymous_9)","decl":{"start":{"line":77,"column":2},"end":{"line":77,"column":7}},"loc":{"start":{"line":77,"column":25},"end":{"line":91,"column":3}}}},"branchMap":{"0":{"loc":{"start":{"line":59,"column":45},"end":{"line":59,"column":76}},"type":"cond-expr","locations":[{"start":{"line":59,"column":59},"end":{"line":59,"column":63}},{"start":{"line":59,"column":63},"end":{"line":59,"column":76}}]},"1":{"loc":{"start":{"line":59,"column":45},"end":{"line":59,"column":63}},"type":"binary-expr","locations":[{"start":{"line":59,"column":45},"end":{"line":59,"column":63}},{"start":{"line":59,"column":59},"end":{"line":59,"column":63}}]},"2":{"loc":{"start":{"line":59,"column":45},"end":{"line":59,"column":59}},"type":"cond-expr","locations":[{"start":{"line":59,"column":50},"end":{"line":59,"column":52}},{"start":{"line":59,"column":45},"end":{"line":59,"column":59}}]},"3":{"loc":{"start":{"line":59,"column":45},"end":{"line":59,"column":52}},"type":"binary-expr","locations":[{"start":{"line":59,"column":45},"end":{"line":59,"column":52}},{"start":{"line":59,"column":45},"end":{"line":59,"column":52}}]},"4":{"loc":{"start":{"line":68,"column":6},"end":{"line":70,"column":null}},"type":"if","locations":[{"start":{"line":68,"column":6},"end":{"line":70,"column":null}}]},"5":{"loc":{"start":{"line":73,"column":45},"end":{"line":73,"column":76}},"type":"cond-expr","locations":[{"start":{"line":73,"column":59},"end":{"line":73,"column":63}},{"start":{"line":73,"column":63},"end":{"line":73,"column":76}}]},"6":{"loc":{"start":{"line":73,"column":45},"end":{"line":73,"column":63}},"type":"binary-expr","locations":[{"start":{"line":73,"column":45},"end":{"line":73,"column":63}},{"start":{"line":73,"column":59},"end":{"line":73,"column":63}}]},"7":{"loc":{"start":{"line":73,"column":45},"end":{"line":73,"column":59}},"type":"cond-expr","locations":[{"start":{"line":73,"column":50},"end":{"line":73,"column":52}},{"start":{"line":73,"column":45},"end":{"line":73,"column":59}}]},"8":{"loc":{"start":{"line":73,"column":45},"end":{"line":73,"column":52}},"type":"binary-expr","locations":[{"start":{"line":73,"column":45},"end":{"line":73,"column":52}},{"start":{"line":73,"column":45},"end":{"line":73,"column":52}}]},"9":{"loc":{"start":{"line":80,"column":6},"end":{"line":87,"column":null}},"type":"if","locations":[{"start":{"line":80,"column":6},"end":{"line":87,"column":null}},{"start":{"line":85,"column":13},"end":{"line":87,"column":null}}]},"10":{"loc":{"start":{"line":89,"column":45},"end":{"line":89,"column":76}},"type":"cond-expr","locations":[{"start":{"line":89,"column":59},"end":{"line":89,"column":63}},{"start":{"line":89,"column":63},"end":{"line":89,"column":76}}]},"11":{"loc":{"start":{"line":89,"column":45},"end":{"line":89,"column":63}},"type":"binary-expr","locations":[{"start":{"line":89,"column":45},"end":{"line":89,"column":63}},{"start":{"line":89,"column":59},"end":{"line":89,"column":63}}]},"12":{"loc":{"start":{"line":89,"column":45},"end":{"line":89,"column":59}},"type":"cond-expr","locations":[{"start":{"line":89,"column":50},"end":{"line":89,"column":52}},{"start":{"line":89,"column":45},"end":{"line":89,"column":59}}]},"13":{"loc":{"start":{"line":89,"column":45},"end":{"line":89,"column":52}},"type":"binary-expr","locations":[{"start":{"line":89,"column":45},"end":{"line":89,"column":52}},{"start":{"line":89,"column":45},"end":{"line":89,"column":52}}]}},"s":{"0":2,"1":2,"2":2,"3":2,"4":2,"5":2,"6":2,"7":2,"8":1,"9":0,"10":0,"11":0,"12":0,"13":0,"14":0,"15":0,"16":0,"17":1,"18":1,"19":4,"20":4,"21":0,"22":1,"23":1,"24":1,"25":0,"26":1,"27":0,"28":1,"29":1,"30":1,"31":1,"32":1,"33":0,"34":0,"35":2,"36":2},"f":{"0":1,"1":0,"2":1,"3":4,"4":1,"5":1},"b":{"0":[0,0],"1":[0,0],"2":[0,0],"3":[0,0],"4":[0],"5":[0,0],"6":[0,0],"7":[0,0],"8":[0,0],"9":[1,0],"10":[0,0],"11":[0,0],"12":[0,0],"13":[0,0]}}
,"/home/tanpham/projects/swivel-employee-back-end/src/employee/dto/create-employee.dto.ts": {"path":"/home/tanpham/projects/swivel-employee-back-end/src/employee/dto/create-employee.dto.ts","statementMap":{"0":{"start":{"line":1,"column":0},"end":{"line":1,"column":null}},"1":{"start":{"line":16,"column":2},"end":{"line":16,"column":null}},"2":{"start":{"line":23,"column":2},"end":{"line":23,"column":null}},"3":{"start":{"line":28,"column":2},"end":{"line":28,"column":null}},"4":{"start":{"line":33,"column":2},"end":{"line":33,"column":null}},"5":{"start":{"line":37,"column":2},"end":{"line":37,"column":null}},"6":{"start":{"line":41,"column":2},"end":{"line":41,"column":null}},"7":{"start":{"line":10,"column":0},"end":{"line":10,"column":13}}},"fnMap":{},"branchMap":{},"s":{"0":1,"1":1,"2":1,"3":1,"4":1,"5":1,"6":1,"7":1},"f":{},"b":{}}
,"/home/tanpham/projects/swivel-employee-back-end/src/employee/schemas/employee.schema.ts": {"path":"/home/tanpham/projects/swivel-employee-back-end/src/employee/schemas/employee.schema.ts","statementMap":{"0":{"start":{"line":1,"column":0},"end":{"line":1,"column":63}},"1":{"start":{"line":20,"column":0},"end":{"line":47,"column":null}},"2":{"start":{"line":22,"column":2},"end":{"line":22,"column":null}},"3":{"start":{"line":25,"column":2},"end":{"line":25,"column":null}},"4":{"start":{"line":28,"column":2},"end":{"line":28,"column":null}},"5":{"start":{"line":31,"column":2},"end":{"line":31,"column":null}},"6":{"start":{"line":34,"column":2},"end":{"line":34,"column":null}},"7":{"start":{"line":37,"column":2},"end":{"line":37,"column":null}},"8":{"start":{"line":40,"column":2},"end":{"line":40,"column":null}},"9":{"start":{"line":43,"column":2},"end":{"line":43,"column":null}},"10":{"start":{"line":46,"column":2},"end":{"line":46,"column":null}},"11":{"start":{"line":20,"column":13},"end":{"line":47,"column":null}},"12":{"start":{"line":20,"column":13},"end":{"line":20,"column":21}},"13":{"start":{"line":49,"column":13},"end":{"line":49,"column":69}}},"fnMap":{},"branchMap":{},"s":{"0":2,"1":2,"2":2,"3":2,"4":2,"5":2,"6":2,"7":2,"8":2,"9":2,"10":2,"11":2,"12":2,"13":2},"f":{},"b":{}}
}
