TN:
SF:src/app.controller.ts
FN:6,(anonymous_2)
FN:9,(anonymous_3)
FNF:2
FNH:2
FNDA:1,(anonymous_2)
FNDA:1,(anonymous_3)
DA:1,1
DA:2,1
DA:5,1
DA:6,1
DA:9,1
DA:10,1
LF:6
LH:6
BRF:0
BRH:0
end_of_record
TN:
SF:src/app.module.ts
FNF:0
FNH:0
DA:1,0
DA:2,0
DA:3,0
DA:5,0
DA:6,0
DA:7,0
DA:20,0
LF:7
LH:0
BRF:0
BRH:0
end_of_record
TN:
SF:src/app.service.ts
FN:5,(anonymous_1)
FNF:1
FNH:1
FNDA:1,(anonymous_1)
DA:1,1
DA:4,1
DA:6,1
LF:3
LH:3
BRF:0
BRH:0
end_of_record
TN:
SF:src/main.ts
FN:6,bootstrap
FNF:1
FNH:0
FNDA:0,bootstrap
DA:1,0
DA:2,0
DA:4,0
DA:7,0
DA:9,0
DA:15,0
DA:16,0
DA:18,0
DA:20,0
LF:9
LH:0
BRDA:18,0,0,0
BRDA:18,0,1,0
BRF:2
BRH:0
end_of_record
TN:
SF:src/employee/employee.controller.ts
FN:20,(anonymous_4)
FN:23,(anonymous_5)
FN:39,(anonymous_6)
FN:55,(anonymous_7)
FN:81,(anonymous_8)
FN:101,(anonymous_9)
FNF:6
FNH:5
FNDA:1,(anonymous_4)
FNDA:0,(anonymous_5)
FNDA:4,(anonymous_6)
FNDA:1,(anonymous_7)
FNDA:1,(anonymous_8)
FNDA:1,(anonymous_9)
DA:1,1
DA:14,1
DA:16,1
DA:19,1
DA:20,1
DA:23,1
DA:24,0
DA:25,0
DA:26,0
DA:28,0
DA:39,1
DA:40,4
DA:41,4
DA:42,4
DA:44,0
DA:55,1
DA:56,1
DA:57,1
DA:58,1
DA:59,0
DA:67,1
DA:69,0
DA:70,0
DA:81,1
DA:84,1
DA:85,1
DA:88,0
DA:90,1
DA:101,1
DA:102,1
DA:103,1
DA:104,1
DA:105,1
DA:107,0
DA:115,0
LF:35
LH:24
BRDA:58,0,0,0
BRDA:104,1,0,1
BRF:2
BRH:1
end_of_record
TN:
SF:src/employee/employee.dto.stub.ts
FN:7,(anonymous_0)
FN:11,(anonymous_1)
FN:15,(anonymous_2)
FN:16,(anonymous_3)
FNF:4
FNH:2
FNDA:1,(anonymous_0)
FNDA:1,(anonymous_1)
FNDA:0,(anonymous_2)
FNDA:0,(anonymous_3)
DA:1,1
DA:4,1
DA:5,1
DA:7,1
DA:8,1
DA:11,1
DA:12,1
DA:15,1
DA:16,0
LF:9
LH:8
BRF:0
BRH:0
end_of_record
TN:
SF:src/employee/employee.module.ts
FNF:0
FNH:0
DA:1,0
DA:2,0
DA:4,0
DA:5,0
DA:6,0
DA:17,0
LF:6
LH:0
BRF:0
BRH:0
end_of_record
TN:
SF:src/employee/employee.service.ts
FN:22,(anonymous_4)
FN:27,(anonymous_5)
FN:45,(anonymous_6)
FN:55,(anonymous_7)
FN:63,(anonymous_8)
FN:77,(anonymous_9)
FNF:6
FNH:5
FNDA:1,(anonymous_4)
FNDA:0,(anonymous_5)
FNDA:1,(anonymous_6)
FNDA:4,(anonymous_7)
FNDA:1,(anonymous_8)
FNDA:1,(anonymous_9)
DA:1,2
DA:6,2
DA:7,2
DA:8,2
DA:10,2
DA:17,2
DA:18,2
DA:21,2
DA:24,1
DA:28,0
DA:29,0
DA:30,0
DA:36,0
DA:38,0
DA:40,0
DA:41,0
DA:46,1
DA:52,1
DA:56,4
DA:57,4
DA:59,0
DA:64,1
DA:65,1
DA:68,1
DA:69,0
DA:71,1
DA:73,0
DA:78,1
DA:79,1
DA:80,1
DA:81,1
DA:84,1
DA:86,0
DA:89,0
LF:34
LH:22
BRDA:59,0,0,0
BRDA:59,0,1,0
BRDA:59,1,0,0
BRDA:59,1,1,0
BRDA:59,2,0,0
BRDA:59,2,1,0
BRDA:59,3,0,0
BRDA:59,3,1,0
BRDA:68,4,0,0
BRDA:73,5,0,0
BRDA:73,5,1,0
BRDA:73,6,0,0
BRDA:73,6,1,0
BRDA:73,7,0,0
BRDA:73,7,1,0
BRDA:73,8,0,0
BRDA:73,8,1,0
BRDA:80,9,0,1
BRDA:80,9,1,0
BRDA:89,10,0,0
BRDA:89,10,1,0
BRDA:89,11,0,0
BRDA:89,11,1,0
BRDA:89,12,0,0
BRDA:89,12,1,0
BRDA:89,13,0,0
BRDA:89,13,1,0
BRF:27
BRH:1
end_of_record
TN:
SF:src/employee/dto/create-employee.dto.ts
FNF:0
FNH:0
DA:1,1
DA:10,1
DA:16,1
DA:23,1
DA:28,1
DA:33,1
DA:37,1
DA:41,1
LF:8
LH:8
BRF:0
BRH:0
end_of_record
TN:
SF:src/employee/schemas/employee.schema.ts
FNF:0
FNH:0
DA:1,2
DA:20,2
DA:22,2
DA:25,2
DA:28,2
DA:31,2
DA:34,2
DA:37,2
DA:40,2
DA:43,2
DA:46,2
DA:49,2
LF:12
LH:12
BRF:0
BRH:0
end_of_record
